<?xml version="1.0" encoding="UTF-8"?>
<!-- Generated by org.testng.reporters.JUnitXMLReporter -->
<testsuite hostname="RAJU-PC" ignored="0" name="Test" tests="2" failures="1" timestamp="03 Aug 2018 15:53:56 GMT" time="35.73" errors="0">
  <testcase name="freeCrmTitleTest" time="0.074" classname="com.tests.Logintest">
    <failure type="java.lang.AssertionError" message="expected [Free CRM software in the cloud for sales and service] but found [#1 Free CRM software in the cloud for sales and service]">
      <![CDATA[java.lang.AssertionError: expected [Free CRM software in the cloud for sales and service] but found [#1 Free CRM software in the cloud for sales and service]
at com.tests.Logintest.freeCrmTitleTest(Logintest.java:46)
... Removed 31 stack frames]]>
    </failure>
  </testcase> <!-- freeCrmTitleTest -->
  <testcase name="freemCRMLogoTest" time="0.558" classname="com.tests.Logintest"/>
</testsuite> <!-- Test -->
